0 info it worked if it ends with ok
1 verbose cli [ 'node',
1 verbose cli   '/usr/local/bin/npm',
1 verbose cli   'link',
1 verbose cli   'expres',
1 verbose cli   'handranker',
1 verbose cli   'socket.io' ]
2 info using npm@1.4.7
3 info using node@v0.10.26
4 verbose install where,what [ '/usr/local/lib', [ 'expres' ] ]
5 info /Users/hyo/node_modules/handranker unbuild
6 info /Users/hyo/node_modules/socket.io unbuild
7 info preuninstall handranker@1.0.5
8 info preuninstall socket.io@0.9.16
9 info uninstall handranker@1.0.5
10 info uninstall socket.io@0.9.16
11 verbose true,/Users/hyo/node_modules,/Users/hyo/node_modules unbuild handranker@1.0.5
12 info postuninstall handranker@1.0.5
13 verbose true,/Users/hyo/node_modules,/Users/hyo/node_modules unbuild socket.io@0.9.16
14 info postuninstall socket.io@0.9.16
15 verbose cache add [ 'expres', null ]
16 verbose cache add name=undefined spec="expres" args=["expres",null]
17 verbose parsed url { protocol: null,
17 verbose parsed url   slashes: null,
17 verbose parsed url   auth: null,
17 verbose parsed url   host: null,
17 verbose parsed url   port: null,
17 verbose parsed url   hostname: null,
17 verbose parsed url   hash: null,
17 verbose parsed url   search: null,
17 verbose parsed url   query: null,
17 verbose parsed url   pathname: 'expres',
17 verbose parsed url   path: 'expres',
17 verbose parsed url   href: 'expres' }
18 verbose link symlinking /usr/local/lib/node_modules/socket.io to /Users/hyo/node_modules/socket.io
19 silly lockFile abb544cd-expres expres
20 verbose lock expres /Users/hyo/.npm/abb544cd-expres.lock
21 silly lockFile abb544cd-expres expres
22 silly lockFile abb544cd-expres expres
23 verbose addNamed [ 'expres', '' ]
24 verbose addNamed [ null, '*' ]
25 silly lockFile 45d76a49-expres expres@
26 verbose lock expres@ /Users/hyo/.npm/45d76a49-expres.lock
27 info build /Users/hyo/node_modules/socket.io
28 silly addNameRange { name: 'expres', range: '*', hasData: false }
29 verbose url raw expres
30 verbose url resolving [ 'https://registry.npmjs.org/', './expres' ]
31 verbose url resolved https://registry.npmjs.org/expres
32 info trying registry request attempt 1 at 18:36:45
33 http GET https://registry.npmjs.org/expres
34 info preinstall socket.io@0.9.16
35 verbose linkStuff [ false, false, false, '/Users/hyo/node_modules' ]
36 info linkStuff socket.io@0.9.16
37 verbose link symlinking /usr/local/lib/node_modules/handranker to /Users/hyo/node_modules/handranker
38 verbose linkBins socket.io@0.9.16
39 verbose linkMans socket.io@0.9.16
40 verbose rebuildBundles socket.io@0.9.16
41 verbose rebuildBundles [ 'base64id', 'policyfile', 'redis', 'socket.io-client' ]
42 info install socket.io@0.9.16
43 info postinstall socket.io@0.9.16
44 info build /Users/hyo/node_modules/handranker
45 info preinstall handranker@1.0.5
46 verbose linkStuff [ false, false, false, '/Users/hyo/node_modules' ]
47 info linkStuff handranker@1.0.5
48 verbose linkBins handranker@1.0.5
49 verbose linkMans handranker@1.0.5
50 verbose rebuildBundles handranker@1.0.5
51 verbose rebuildBundles [ 'underscore' ]
52 info install handranker@1.0.5
53 info postinstall handranker@1.0.5
54 http 200 https://registry.npmjs.org/expres
55 silly registry.get cb [ 200,
55 silly registry.get   { date: 'Thu, 01 May 2014 22:36:44 GMT',
55 silly registry.get     server: 'CouchDB/1.5.0 (Erlang OTP/R14B04)',
55 silly registry.get     etag: '"5RN1H9HUI500DQAV714HCGACW"',
55 silly registry.get     'content-type': 'application/json',
55 silly registry.get     via: '1.1 varnish',
55 silly registry.get     'cache-control': 'max-age=1',
55 silly registry.get     'content-length': '35210',
55 silly registry.get     'accept-ranges': 'bytes',
55 silly registry.get     age: '0',
55 silly registry.get     'x-served-by': 'cache-v42-ASH, cache-c48-CHI',
55 silly registry.get     'x-cache': 'MISS, MISS',
55 silly registry.get     'x-cache-hits': '0, 0',
55 silly registry.get     'x-timer': 'S1398983804.397760630,VS0,VS8,VE25,VE39',
55 silly registry.get     vary: 'Accept',
55 silly registry.get     'keep-alive': 'timeout=10, max=50',
55 silly registry.get     connection: 'Keep-Alive' } ]
56 silly addNameRange number 2 { name: 'expres', range: '*', hasData: true }
57 silly addNameRange versions [ 'expres', [ '0.0.1', '0.0.2', '0.0.3', '0.0.4', '0.0.5' ] ]
58 verbose addNamed [ 'expres', '0.0.5' ]
59 verbose addNamed [ '0.0.5', '0.0.5' ]
60 silly lockFile 43c23761-expres-0-0-5 expres@0.0.5
61 verbose lock expres@0.0.5 /Users/hyo/.npm/43c23761-expres-0-0-5.lock
62 silly lockFile d81487cd-pmjs-org-expres-expres-0-0-5-tgz https://registry.npmjs.org/expres/-/expres-0.0.5.tgz
63 verbose lock https://registry.npmjs.org/expres/-/expres-0.0.5.tgz /Users/hyo/.npm/d81487cd-pmjs-org-expres-expres-0-0-5-tgz.lock
64 verbose addRemoteTarball [ 'https://registry.npmjs.org/expres/-/expres-0.0.5.tgz',
64 verbose addRemoteTarball   'bf4484749f83920cb116d6baf6da230220d1fb9c' ]
65 info retry fetch attempt 1 at 18:36:45
66 verbose fetch to= /var/folders/_c/6mlxlq453wbd04bvkhw3gqcc0000gn/T/npm-16493-s_8MYbqh/1398983805823-0.808837752090767/tmp.tgz
67 http GET https://registry.npmjs.org/expres/-/expres-0.0.5.tgz
68 http 200 https://registry.npmjs.org/expres/-/expres-0.0.5.tgz
69 verbose tar unpack /var/folders/_c/6mlxlq453wbd04bvkhw3gqcc0000gn/T/npm-16493-s_8MYbqh/1398983805823-0.808837752090767/tmp.tgz
70 silly lockFile 609a81a6-ers-hyo-npm-expres-0-0-5-package tar:///Users/hyo/.npm/expres/0.0.5/package
71 verbose lock tar:///Users/hyo/.npm/expres/0.0.5/package /Users/hyo/.npm/609a81a6-ers-hyo-npm-expres-0-0-5-package.lock
72 silly lockFile 9f7c59ed-805823-0-808837752090767-tmp-tgz tar:///var/folders/_c/6mlxlq453wbd04bvkhw3gqcc0000gn/T/npm-16493-s_8MYbqh/1398983805823-0.808837752090767/tmp.tgz
73 verbose lock tar:///var/folders/_c/6mlxlq453wbd04bvkhw3gqcc0000gn/T/npm-16493-s_8MYbqh/1398983805823-0.808837752090767/tmp.tgz /Users/hyo/.npm/9f7c59ed-805823-0-808837752090767-tmp-tgz.lock
74 silly gunzTarPerm modes [ '755', '644' ]
75 silly gunzTarPerm extractEntry package.json
76 silly gunzTarPerm extractEntry .npmignore
77 silly gunzTarPerm extractEntry README.md
78 silly gunzTarPerm extractEntry expres.js
79 silly gunzTarPerm extractEntry utils.js
80 silly gunzTarPerm extractEntry .travis.yml
81 silly gunzTarPerm extractEntry Makefile
82 silly gunzTarPerm extractEntry test/common.js
83 silly gunzTarPerm extractEntry test/get.js
84 silly gunzTarPerm extractEntry test/json.js
85 silly gunzTarPerm extractEntry test/jsonp.js
86 silly gunzTarPerm extractEntry test/links.js
87 silly gunzTarPerm extractEntry test/redirect.js
88 silly gunzTarPerm extractEntry test/send.js
89 silly gunzTarPerm extractEntry test/set.js
90 silly gunzTarPerm extractEntry test/status.js
91 silly gunzTarPerm extractEntry test/type.js
92 silly lockFile 609a81a6-ers-hyo-npm-expres-0-0-5-package tar:///Users/hyo/.npm/expres/0.0.5/package
93 silly lockFile 609a81a6-ers-hyo-npm-expres-0-0-5-package tar:///Users/hyo/.npm/expres/0.0.5/package
94 silly lockFile 9f7c59ed-805823-0-808837752090767-tmp-tgz tar:///var/folders/_c/6mlxlq453wbd04bvkhw3gqcc0000gn/T/npm-16493-s_8MYbqh/1398983805823-0.808837752090767/tmp.tgz
95 silly lockFile 9f7c59ed-805823-0-808837752090767-tmp-tgz tar:///var/folders/_c/6mlxlq453wbd04bvkhw3gqcc0000gn/T/npm-16493-s_8MYbqh/1398983805823-0.808837752090767/tmp.tgz
96 silly lockFile d81487cd-pmjs-org-expres-expres-0-0-5-tgz https://registry.npmjs.org/expres/-/expres-0.0.5.tgz
97 silly lockFile d81487cd-pmjs-org-expres-expres-0-0-5-tgz https://registry.npmjs.org/expres/-/expres-0.0.5.tgz
98 silly lockFile 43c23761-expres-0-0-5 expres@0.0.5
99 silly lockFile 43c23761-expres-0-0-5 expres@0.0.5
100 silly lockFile 45d76a49-expres expres@
101 silly lockFile 45d76a49-expres expres@
102 silly resolved [ { name: 'expres',
102 silly resolved     version: '0.0.5',
102 silly resolved     description: 'Add express compatible methods to your response object',
102 silly resolved     main: 'expres.js',
102 silly resolved     dependencies: {},
102 silly resolved     devDependencies: { mocha: '*', supertest: '~0.3.1', clone: '~0.1.1' },
102 silly resolved     scripts: { test: 'make test' },
102 silly resolved     repository:
102 silly resolved      { type: 'git',
102 silly resolved        url: 'git://github.com/cpsubrian/node-expres.git' },
102 silly resolved     homepage: 'https://github.com/cpsubrian/node-expres',
102 silly resolved     keywords: [ 'res', 'response', 'express', 'middleware' ],
102 silly resolved     author: { name: 'Brian Link', email: 'cpsubrian@gmail.com' },
102 silly resolved     license: 'MIT',
102 silly resolved     readme: 'expRes\n======\n\nMiddleware to add express compatible methods to your response objects.\n\n[![build status](https://secure.travis-ci.org/cpsubrian/node-expres.png)](http://travis-ci.org/cpsubrian/node-expres)\n\nUsage\n-----\n\n```js\nvar expres = require(\'expres\'),\n    server = require(\'http\').createServer();\n\nserver.on(\'request\', expres.middleware);\n\n// ...\n```\n\nResponse Methods Added\n----------------------\n\n### status(code)\nSet status `code`.\n\n    res.status(400);\n\n### links(links)\n\nSet Link header field with the given `links`.\n\n    res.links({\n      next: \'http://api.example.com/users?page=2\',\n      last: \'http://api.example.com/users?page=5\'\n    });\n\n### type(type)\n\nSet the Content-Type to `type`.\n\n    res.type(\'application/json\');\n\n### send(body|status, [body])\n\nSend a response.\n\n    res.send(new Buffer(\'wahoo\'));\n    res.send({ some: \'json\' });\n    res.send(\'<p>some html</p>\');\n    res.send(404, \'Sorry, cant find that\');\n    res.send(404);\n\n### json(obj|status, [obj])\n\nSend JSON response.\n\n    res.json(null);\n    res.json({ user: \'tj\' });\n    res.json(500, \'oh noes!\');\n    res.json(404, \'I dont have that\');\n\n### jsonp(obj|status, [obj])\n\nSend JSON response with JSONP callback support.\n\n    res.jsonp(null);\n    res.jsonp({ user: \'tj\' });\n    res.jsonp(500, \'oh noes!\');\n    res.jsonp(404, \'I dont have that\');\n\n### format(obj)\n\nRespond to the Acceptable formats using an `obj`\nof content-type callbacks.\n\nContent-Type is set for you, however if you choose\nyou may alter this within the callback using `res.type()`\nor `res.set(\'Content-Type\', ...)`.\n\n    res.format({\n      \'text/plain\': function () {\n        res.send(\'hey\');\n      },\n      \'text/html\': function () {\n        res.send(\'<p>hey</p>\');\n      },\n      \'appliation/json\': function () {\n        res.send({ message: \'hey\' });\n      }\n    });\n\nBy default expres passes an `Error`\nwith a `.status` of 406 to `next(err)`\nif a match is not made. If you provide\na `.default` callback it will be invoked\ninstead.\n\n### set(field, [val])\n\nSet header `field` to `val`, or pass\nan object of header fields.\n\n    res.set(\'Accept\', \'application/json\');\n    res.set({ Accept: \'text/plain\', \'X-API-Key\': \'tobi\' });\n\nAliased as `res.header()`.\n\n### get(field)\n\nGet value for header `field`.\n\n### redirect(toUrl, [status])\n\nRedirect to the given `url` with optional response `status`\ndefaulting to 302.\n\nThe given `url` can also be the name of a mapped url, for\nexample by default expres supports "back" which redirects\nto the _Referrer_ or _Referer_ headers or "/".\n\n    res.redirect(\'/foo/bar\');\n    res.redirect(\'http://example.com\');\n    res.redirect(301, \'http://example.com\');\n    res.redirect(\'http://example.com\', 301);\n    res.redirect(\'../login\'); // /blog/post/1 -> /blog/login\n\n\nCredit\n------\n\nMany of the methods and tests are copied verbatim from express, so, thanks TJ :)\n\n- - -\n\n### Developed by [Terra Eclipse](http://www.terraeclipse.com)\nTerra Eclipse, Inc. is a nationally recognized political technology and\nstrategy firm located in Aptos, CA and Washington, D.C.\n\n- - -\n\n### License: MIT\n\n- Copyright (c) 2009-2012 TJ Holowaychuk <tj@vision-media.ca>\n- Copyright (C) 2012 Terra Eclipse, Inc. (http://www.terraeclipse.com/)\n\nPermission is hereby granted, free of charge, to any person obtaining a copy\nof this software and associated documentation files (the &quot;Software&quot;), to deal\nin the Software without restriction, including without limitation the rights\nto use, copy, modify, merge, publish, distribute, sublicense, and/or sell\ncopies of the Software, and to permit persons to whom the Software is furnished\nto do so, subject to the following conditions:\n\nThe above copyright notice and this permission notice shall be included in\nall copies or substantial portions of the Software.\n\nTHE SOFTWARE IS PROVIDED &quot;AS IS&quot;, WITHOUT WARRANTY OF ANY KIND, EXPRESS OR\nIMPLIED, INCLUDING BUT NOT LIMITED TO THE WARRANTIES OF MERCHANTABILITY,\nFITNESS FOR A PARTICULAR PURPOSE AND NONINFRINGEMENT. IN NO EVENT SHALL THE\nAUTHORS OR COPYRIGHT HOLDERS BE LIABLE FOR ANY CLAIM, DAMAGES OR OTHER\nLIABILITY, WHETHER IN AN ACTION OF CONTRACT, TORT OR OTHERWISE, ARISING FROM,\nOUT OF OR IN CONNECTION WITH THE SOFTWARE OR THE USE OR OTHER DEALINGS IN THE\nSOFTWARE.',
102 silly resolved     readmeFilename: 'README.md',
102 silly resolved     bugs: { url: 'https://github.com/cpsubrian/node-expres/issues' },
102 silly resolved     _id: 'expres@0.0.5',
102 silly resolved     _shasum: 'bf4484749f83920cb116d6baf6da230220d1fb9c',
102 silly resolved     _from: 'expres@',
102 silly resolved     _resolved: 'https://registry.npmjs.org/expres/-/expres-0.0.5.tgz' } ]
103 info install expres@0.0.5 into /usr/local/lib
104 info installOne expres@0.0.5
105 info /usr/local/lib/node_modules/expres unbuild
106 verbose tar unpack /Users/hyo/.npm/expres/0.0.5/package.tgz
107 silly lockFile bd209efa-sr-local-lib-node-modules-expres tar:///usr/local/lib/node_modules/expres
108 verbose lock tar:///usr/local/lib/node_modules/expres /Users/hyo/.npm/bd209efa-sr-local-lib-node-modules-expres.lock
109 silly lockFile e4d2b3cf-hyo-npm-expres-0-0-5-package-tgz tar:///Users/hyo/.npm/expres/0.0.5/package.tgz
110 verbose lock tar:///Users/hyo/.npm/expres/0.0.5/package.tgz /Users/hyo/.npm/e4d2b3cf-hyo-npm-expres-0-0-5-package-tgz.lock
111 silly gunzTarPerm modes [ '755', '644' ]
112 error Error: EACCES, mkdir '/usr/local/lib/node_modules/expres'
112 error  { [Error: EACCES, mkdir '/usr/local/lib/node_modules/expres']
112 error   errno: 3,
112 error   code: 'EACCES',
112 error   path: '/usr/local/lib/node_modules/expres',
112 error   fstream_type: 'Directory',
112 error   fstream_path: '/usr/local/lib/node_modules/expres',
112 error   fstream_class: 'DirWriter',
112 error   fstream_stack:
112 error    [ '/usr/local/lib/node_modules/npm/node_modules/fstream/lib/dir-writer.js:36:23',
112 error      '/usr/local/lib/node_modules/npm/node_modules/mkdirp/index.js:37:53',
112 error      'Object.oncomplete (fs.js:107:15)' ] }
113 error Please try running this command again as root/Administrator.
114 error System Darwin 13.1.0
115 error command "node" "/usr/local/bin/npm" "link" "expres" "handranker" "socket.io"
116 error cwd /Users/hyo/Desktop/pokernet
117 error node -v v0.10.26
118 error npm -v 1.4.7
119 error path /usr/local/lib/node_modules/expres
120 error fstream_path /usr/local/lib/node_modules/expres
121 error fstream_type Directory
122 error fstream_class DirWriter
123 error code EACCES
124 error errno 3
125 error stack Error: EACCES, mkdir '/usr/local/lib/node_modules/expres'
126 error fstream_stack /usr/local/lib/node_modules/npm/node_modules/fstream/lib/dir-writer.js:36:23
126 error fstream_stack /usr/local/lib/node_modules/npm/node_modules/mkdirp/index.js:37:53
126 error fstream_stack Object.oncomplete (fs.js:107:15)
127 verbose exit [ 3, true ]
